[29-Nov-2016 13:15:30 UTC] PHP Warning:  PHP Startup: Unable to load dynamic library './ext\php_pdo_firebird.dll' - 找不到指定的模块。
 in Unknown on line 0
[29-Nov-2016 13:15:30 UTC] PHP Warning:  PHP Startup: Unable to load dynamic library './ext\php_pdo_oci.dll' - 找不到指定的模块。
 in Unknown on line 0
[29-Nov-2016 13:15:53 UTC] PHP Warning:  PHP Startup: Unable to load dynamic library './ext\php_pdo_firebird.dll' - 找不到指定的模块。
 in Unknown on line 0
[29-Nov-2016 13:15:53 UTC] PHP Warning:  PHP Startup: Unable to load dynamic library './ext\php_pdo_oci.dll' - 找不到指定的模块。
 in Unknown on line 0
[29-Nov-2016 13:15:54 UTC] PHP Warning:  PHP Startup: Unable to load dynamic library './ext\php_pdo_firebird.dll' - 找不到指定的模块。
 in Unknown on line 0
[29-Nov-2016 13:15:54 UTC] PHP Warning:  PHP Startup: Unable to load dynamic library './ext\php_pdo_oci.dll' - 找不到指定的模块。
 in Unknown on line 0
[29-Nov-2016 13:15:55 UTC] PHP Warning:  PHP Startup: Unable to load dynamic library './ext\php_pdo_firebird.dll' - 找不到指定的模块。
 in Unknown on line 0
[29-Nov-2016 13:15:55 UTC] PHP Warning:  PHP Startup: Unable to load dynamic library './ext\php_pdo_oci.dll' - 找不到指定的模块。
 in Unknown on line 0
[29-Nov-2016 13:15:56 UTC] PHP Warning:  PHP Startup: Unable to load dynamic library './ext\php_pdo_firebird.dll' - 找不到指定的模块。
 in Unknown on line 0
[29-Nov-2016 13:15:56 UTC] PHP Warning:  PHP Startup: Unable to load dynamic library './ext\php_pdo_oci.dll' - 找不到指定的模块。
 in Unknown on line 0
[29-Nov-2016 13:15:56 UTC] PHP Warning:  PHP Startup: Unable to load dynamic library './ext\php_pdo_firebird.dll' - 找不到指定的模块。
 in Unknown on line 0
[29-Nov-2016 13:15:56 UTC] PHP Warning:  PHP Startup: Unable to load dynamic library './ext\php_pdo_oci.dll' - 找不到指定的模块。
 in Unknown on line 0
[29-Nov-2016 13:16:00 UTC] PHP Warning:  PHP Startup: Unable to load dynamic library './ext\php_pdo_firebird.dll' - 找不到指定的模块。
 in Unknown on line 0
[29-Nov-2016 13:16:00 UTC] PHP Warning:  PHP Startup: Unable to load dynamic library './ext\php_pdo_oci.dll' - 找不到指定的模块。
 in Unknown on line 0
[29-Nov-2016 13:16:02 UTC] PHP Warning:  PHP Startup: Unable to load dynamic library './ext\php_pdo_firebird.dll' - 找不到指定的模块。
 in Unknown on line 0
[29-Nov-2016 13:16:02 UTC] PHP Warning:  PHP Startup: Unable to load dynamic library './ext\php_pdo_oci.dll' - 找不到指定的模块。
 in Unknown on line 0
[29-Nov-2016 13:31:53 UTC] PHP Warning:  PHP Startup: Unable to load dynamic library './ext\php_pdo_firebird.dll' - 找不到指定的模块。
 in Unknown on line 0
[29-Nov-2016 13:31:53 UTC] PHP Warning:  PHP Startup: Unable to load dynamic library './ext\php_pdo_oci.dll' - 找不到指定的模块。
 in Unknown on line 0
[29-Nov-2016 14:28:38 UTC] PHP Warning:  PHP Startup: Unable to load dynamic library './ext\php_pdo_firebird.dll' - 找不到指定的模块。
 in Unknown on line 0
[29-Nov-2016 14:28:38 UTC] PHP Warning:  PHP Startup: Unable to load dynamic library './ext\php_pdo_oci.dll' - 找不到指定的模块。
 in Unknown on line 0
[29-Nov-2016 14:35:19 UTC] PHP Warning:  PHP Startup: Unable to load dynamic library './ext\php_pdo_firebird.dll' - 找不到指定的模块。
 in Unknown on line 0
[29-Nov-2016 14:35:19 UTC] PHP Warning:  PHP Startup: Unable to load dynamic library './ext\php_pdo_oci.dll' - 找不到指定的模块。
 in Unknown on line 0
[29-Nov-2016 14:35:21 UTC] PHP Warning:  PHP Startup: Unable to load dynamic library './ext\php_pdo_firebird.dll' - 找不到指定的模块。
 in Unknown on line 0
[29-Nov-2016 14:35:21 UTC] PHP Warning:  PHP Startup: Unable to load dynamic library './ext\php_pdo_oci.dll' - 找不到指定的模块。
 in Unknown on line 0
[29-Nov-2016 14:45:08 UTC] PHP Warning:  PHP Startup: Unable to load dynamic library './ext\php_pdo_firebird.dll' - 找不到指定的模块。
 in Unknown on line 0
[29-Nov-2016 14:45:08 UTC] PHP Warning:  PHP Startup: Unable to load dynamic library './ext\php_pdo_oci.dll' - 找不到指定的模块。
 in Unknown on line 0
[29-Nov-2016 14:45:55 UTC] PHP Warning:  PHP Startup: Unable to load dynamic library './ext\php_pdo_firebird.dll' - 找不到指定的模块。
 in Unknown on line 0
[29-Nov-2016 14:45:55 UTC] PHP Warning:  PHP Startup: Unable to load dynamic library './ext\php_pdo_oci.dll' - 找不到指定的模块。
 in Unknown on line 0
[29-Nov-2016 14:57:41 UTC] PHP Warning:  PHP Startup: Unable to load dynamic library './ext\php_pdo_firebird.dll' - 找不到指定的模块。
 in Unknown on line 0
[29-Nov-2016 14:57:41 UTC] PHP Warning:  PHP Startup: Unable to load dynamic library './ext\php_pdo_oci.dll' - 找不到指定的模块。
 in Unknown on line 0
[29-Nov-2016 15:12:23 UTC] PHP Warning:  PHP Startup: Unable to load dynamic library './ext\php_pdo_firebird.dll' - 找不到指定的模块。
 in Unknown on line 0
[29-Nov-2016 15:12:23 UTC] PHP Warning:  PHP Startup: Unable to load dynamic library './ext\php_pdo_oci.dll' - 找不到指定的模块。
 in Unknown on line 0
[29-Nov-2016 15:13:42 UTC] PHP Warning:  PHP Startup: Unable to load dynamic library './ext\php_pdo_firebird.dll' - 找不到指定的模块。
 in Unknown on line 0
[29-Nov-2016 15:13:42 UTC] PHP Warning:  PHP Startup: Unable to load dynamic library './ext\php_pdo_oci.dll' - 找不到指定的模块。
 in Unknown on line 0
[29-Nov-2016 15:16:19 UTC] PHP Warning:  PHP Startup: Unable to load dynamic library './ext\php_pdo_firebird.dll' - 找不到指定的模块。
 in Unknown on line 0
[29-Nov-2016 15:16:19 UTC] PHP Warning:  PHP Startup: Unable to load dynamic library './ext\php_pdo_oci.dll' - 找不到指定的模块。
 in Unknown on line 0
[30-Nov-2016 02:15:10 UTC] PHP Warning:  PHP Startup: Unable to load dynamic library './ext\php_pdo_firebird.dll' - 找不到指定的模块。
 in Unknown on line 0
[30-Nov-2016 02:15:10 UTC] PHP Warning:  PHP Startup: Unable to load dynamic library './ext\php_pdo_oci.dll' - 找不到指定的模块。
 in Unknown on line 0
[30-Nov-2016 06:19:06 UTC] PHP Warning:  PHP Startup: Unable to load dynamic library './ext\php_pdo_firebird.dll' - 找不到指定的模块。
 in Unknown on line 0
[30-Nov-2016 06:19:06 UTC] PHP Warning:  PHP Startup: Unable to load dynamic library './ext\php_pdo_oci.dll' - 找不到指定的模块。
 in Unknown on line 0
[30-Nov-2016 07:50:12 UTC] PHP Warning:  PHP Startup: Unable to load dynamic library './ext\php_pdo_firebird.dll' - 找不到指定的模块。
 in Unknown on line 0
[30-Nov-2016 07:50:12 UTC] PHP Warning:  PHP Startup: Unable to load dynamic library './ext\php_pdo_oci.dll' - 找不到指定的模块。
 in Unknown on line 0
[30-Nov-2016 08:26:56 UTC] PHP Warning:  PHP Startup: Unable to load dynamic library './ext\php_pdo_firebird.dll' - 找不到指定的模块。
 in Unknown on line 0
[30-Nov-2016 08:26:56 UTC] PHP Warning:  PHP Startup: Unable to load dynamic library './ext\php_pdo_oci.dll' - 找不到指定的模块。
 in Unknown on line 0
[30-Nov-2016 13:58:34 UTC] PHP Warning:  PHP Startup: Unable to load dynamic library './ext\php_pdo_firebird.dll' - 找不到指定的模块。
 in Unknown on line 0
[30-Nov-2016 13:58:34 UTC] PHP Warning:  PHP Startup: Unable to load dynamic library './ext\php_pdo_oci.dll' - 找不到指定的模块。
 in Unknown on line 0
[30-Nov-2016 13:58:50 UTC] PHP Warning:  PHP Startup: Unable to load dynamic library './ext\php_pdo_firebird.dll' - 找不到指定的模块。
 in Unknown on line 0
[30-Nov-2016 13:58:50 UTC] PHP Warning:  PHP Startup: Unable to load dynamic library './ext\php_pdo_oci.dll' - 找不到指定的模块。
 in Unknown on line 0
[30-Nov-2016 14:34:05 UTC] PHP Warning:  PHP Startup: Unable to load dynamic library './ext\php_pdo_firebird.dll' - 找不到指定的模块。
 in Unknown on line 0
[30-Nov-2016 14:34:05 UTC] PHP Warning:  PHP Startup: Unable to load dynamic library './ext\php_pdo_oci.dll' - 找不到指定的模块。
 in Unknown on line 0
[30-Nov-2016 14:34:37 UTC] PHP Warning:  PHP Startup: Unable to load dynamic library './ext\php_pdo_firebird.dll' - 找不到指定的模块。
 in Unknown on line 0
[30-Nov-2016 14:34:37 UTC] PHP Warning:  PHP Startup: Unable to load dynamic library './ext\php_pdo_oci.dll' - 找不到指定的模块。
 in Unknown on line 0
[30-Nov-2016 15:14:39 UTC] PHP Warning:  PHP Startup: Unable to load dynamic library './ext\php_pdo_firebird.dll' - 找不到指定的模块。
 in Unknown on line 0
[30-Nov-2016 15:14:39 UTC] PHP Warning:  PHP Startup: Unable to load dynamic library './ext\php_pdo_oci.dll' - 找不到指定的模块。
 in Unknown on line 0
[30-Nov-2016 15:14:55 UTC] PHP Warning:  PHP Startup: Unable to load dynamic library './ext\php_pdo_firebird.dll' - 找不到指定的模块。
 in Unknown on line 0
[30-Nov-2016 15:14:55 UTC] PHP Warning:  PHP Startup: Unable to load dynamic library './ext\php_pdo_oci.dll' - 找不到指定的模块。
 in Unknown on line 0
[01-Dec-2016 01:29:03 UTC] PHP Warning:  PHP Startup: Unable to load dynamic library './ext\php_pdo_firebird.dll' - 找不到指定的模块。
 in Unknown on line 0
[01-Dec-2016 01:29:03 UTC] PHP Warning:  PHP Startup: Unable to load dynamic library './ext\php_pdo_oci.dll' - 找不到指定的模块。
 in Unknown on line 0
[01-Dec-2016 01:29:27 UTC] PHP Warning:  PHP Startup: Unable to load dynamic library './ext\php_pdo_firebird.dll' - 找不到指定的模块。
 in Unknown on line 0
[01-Dec-2016 01:29:27 UTC] PHP Warning:  PHP Startup: Unable to load dynamic library './ext\php_pdo_oci.dll' - 找不到指定的模块。
 in Unknown on line 0
[01-Dec-2016 01:31:00 UTC] PHP Warning:  PHP Startup: Unable to load dynamic library './ext\php_pdo_firebird.dll' - 找不到指定的模块。
 in Unknown on line 0
[01-Dec-2016 01:31:00 UTC] PHP Warning:  PHP Startup: Unable to load dynamic library './ext\php_pdo_oci.dll' - 找不到指定的模块。
 in Unknown on line 0
[01-Dec-2016 02:14:14 UTC] PHP Warning:  PHP Startup: Unable to load dynamic library './ext\php_pdo_firebird.dll' - 找不到指定的模块。
 in Unknown on line 0
[01-Dec-2016 02:14:14 UTC] PHP Warning:  PHP Startup: Unable to load dynamic library './ext\php_pdo_oci.dll' - 找不到指定的模块。
 in Unknown on line 0
[01-Dec-2016 06:14:44 UTC] PHP Warning:  PHP Startup: Unable to load dynamic library './ext\php_pdo_firebird.dll' - 找不到指定的模块。
 in Unknown on line 0
[01-Dec-2016 06:14:44 UTC] PHP Warning:  PHP Startup: Unable to load dynamic library './ext\php_pdo_oci.dll' - 找不到指定的模块。
 in Unknown on line 0
[01-Dec-2016 08:04:45 UTC] PHP Warning:  PHP Startup: Unable to load dynamic library './ext\php_pdo_firebird.dll' - 找不到指定的模块。
 in Unknown on line 0
[01-Dec-2016 08:04:45 UTC] PHP Warning:  PHP Startup: Unable to load dynamic library './ext\php_pdo_oci.dll' - 找不到指定的模块。
 in Unknown on line 0
[01-Dec-2016 08:07:10 UTC] PHP Warning:  PHP Startup: Unable to load dynamic library './ext\php_pdo_firebird.dll' - 找不到指定的模块。
 in Unknown on line 0
[01-Dec-2016 08:07:10 UTC] PHP Warning:  PHP Startup: Unable to load dynamic library './ext\php_pdo_oci.dll' - 找不到指定的模块。
 in Unknown on line 0
[01-Dec-2016 10:30:54 UTC] PHP Warning:  PHP Startup: Unable to load dynamic library './ext\php_pdo_firebird.dll' - 找不到指定的模块。
 in Unknown on line 0
[01-Dec-2016 10:30:54 UTC] PHP Warning:  PHP Startup: Unable to load dynamic library './ext\php_pdo_oci.dll' - 找不到指定的模块。
 in Unknown on line 0
[02-Dec-2016 02:39:10 UTC] PHP Warning:  PHP Startup: Unable to load dynamic library './ext\php_pdo_firebird.dll' - 找不到指定的模块。
 in Unknown on line 0
[02-Dec-2016 02:39:10 UTC] PHP Warning:  PHP Startup: Unable to load dynamic library './ext\php_pdo_oci.dll' - 找不到指定的模块。
 in Unknown on line 0
[02-Dec-2016 03:31:03 UTC] PHP Warning:  PHP Startup: Unable to load dynamic library './ext\php_pdo_firebird.dll' - 找不到指定的模块。
 in Unknown on line 0
[02-Dec-2016 03:31:03 UTC] PHP Warning:  PHP Startup: Unable to load dynamic library './ext\php_pdo_oci.dll' - 找不到指定的模块。
 in Unknown on line 0
[02-Dec-2016 05:50:15 UTC] PHP Warning:  PHP Startup: Unable to load dynamic library './ext\php_pdo_firebird.dll' - 找不到指定的模块。
 in Unknown on line 0
[02-Dec-2016 05:50:15 UTC] PHP Warning:  PHP Startup: Unable to load dynamic library './ext\php_pdo_oci.dll' - 找不到指定的模块。
 in Unknown on line 0
[02-Dec-2016 08:22:51 UTC] PHP Warning:  PHP Startup: Unable to load dynamic library './ext\php_pdo_firebird.dll' - 找不到指定的模块。
 in Unknown on line 0
[02-Dec-2016 08:22:51 UTC] PHP Warning:  PHP Startup: Unable to load dynamic library './ext\php_pdo_oci.dll' - 找不到指定的模块。
 in Unknown on line 0
[05-Dec-2016 08:43:53 UTC] PHP Warning:  PHP Startup: Unable to load dynamic library './ext\php_pdo_firebird.dll' - 找不到指定的模块。
 in Unknown on line 0
[05-Dec-2016 08:43:53 UTC] PHP Warning:  PHP Startup: Unable to load dynamic library './ext\php_pdo_oci.dll' - 找不到指定的模块。
 in Unknown on line 0
